<?xml version="1.0" encoding="utf-8"?><testsuites name="pytest tests"><testsuite name="pytest" errors="0" failures="0" skipped="0" tests="55" time="8.910" timestamp="2026-09-06T08:20:18.997149+00:00" hostname="runnervmejwal"><testcase classname="tests.test_adaptation" name="test_residual_sampler_preserves_size_and_domain" time="0.366" /><testcase classname="tests.test_adaptation" name="test_controller_returns_positive_normalized_weights" time="0.003" /><testcase classname="tests.test_adaptation" name="test_hansen_hurwitz_weights_recover_uniform_candidate_mean_exactly" time="0.001" /><testcase classname="tests.test_adaptation" name="test_measure_corrected_sampler_preserves_weights_and_cardinality" time="0.002" /><testcase classname="tests.test_adaptation" name="test_kde_volume_weights_match_vw_loss_normalization" time="0.001" /><testcase classname="tests.test_adaptation" name="test_vrba_exponential_attention_is_finite_and_focuses_on_largest_residual" time="0.001" /><testcase classname="tests.test_adaptation" name="test_vrba_quadratic_attention_handles_zero_residuals" time="0.000" /><testcase classname="tests.test_adaptation" name="test_vrba_global_controller_fixes_physics_weight_and_balances_other_terms" time="0.003" /><testcase classname="tests.test_article1_extension" name="test_extension_cells_are_paired_and_use_common_observation_loss" time="0.284" /><testcase classname="tests.test_article1_extension" name="test_budget_doubles_every_problem_without_changing_model" time="0.070" /><testcase classname="tests.test_burgers" name="test_autograd_burgers_residual_matches_closed_form" time="0.001" /><testcase classname="tests.test_burgers" name="test_samples_respect_domain_and_cardinality" time="0.001" /><testcase classname="tests.test_burgers" name="test_reference_solver_is_finite_and_respects_boundary_conditions" time="0.072" /><testcase classname="tests.test_burgers_reference" name="test_cole_hopf_initial_boundary_symmetry_and_convergence" time="0.130" /><testcase classname="tests.test_burgers_reference" name="test_cole_hopf_satisfies_pde_away_from_shock" time="0.001" /><testcase classname="tests.test_burgers_reference" name="test_reference_cache_accounts_for_time_step" time="0.022" /><testcase classname="tests.test_burgers_reference" name="test_cole_hopf_opt_in_routes_observations_and_evaluation" time="0.001" /><testcase classname="tests.test_burgers_reference" name="test_invalid_points_rejected[points0]" time="0.000" /><testcase classname="tests.test_burgers_reference" name="test_invalid_points_rejected[points1]" time="0.000" /><testcase classname="tests.test_burgers_reference" name="test_invalid_points_rejected[points2]" time="0.000" /><testcase classname="tests.test_multi_pde" name="test_manufactured_allen_cahn_solution_has_zero_residual" time="0.002" /><testcase classname="tests.test_multi_pde" name="test_exact_wave_solution_has_zero_residual" time="0.001" /><testcase classname="tests.test_multi_pde" name="test_manufactured_helmholtz_solution_has_zero_residual" time="0.001" /><testcase classname="tests.test_multi_pde" name="test_corruption_is_reproducible_and_does_not_modify_clean_target" time="0.001" /><testcase classname="tests.test_multi_pde" name="test_block_missingness_removes_a_contiguous_sensor_region" time="0.001" /><testcase classname="tests.test_reporting" name="test_report_writes_tables_figures_and_paired_statistics" time="2.028" /><testcase classname="tests.test_reporting" name="test_legacy_summary_is_enriched_from_metrics_csv" time="0.001" /><testcase classname="tests.test_reproducibility" name="test_same_seed_produces_same_parameters_and_samples" time="0.003" /><testcase classname="tests.test_smoke_training" name="test_m0_training_writes_reproducible_artifacts" time="0.761" /><testcase classname="tests.test_smoke_training" name="test_complete_training_is_reproducible_for_same_seed" time="0.203" /><testcase classname="tests.test_smoke_training" name="test_every_method_completes_one_step[m0]" time="0.092" /><testcase classname="tests.test_smoke_training" name="test_every_method_completes_one_step[m1]" time="0.095" /><testcase classname="tests.test_smoke_training" name="test_every_method_completes_one_step[m3]" time="0.092" /><testcase classname="tests.test_smoke_training" name="test_every_method_completes_one_step[m5]" time="0.095" /><testcase classname="tests.test_smoke_training" name="test_every_method_completes_one_step[m6]" time="0.096" /><testcase classname="tests.test_smoke_training" name="test_every_method_completes_one_step[m7u]" time="0.096" /><testcase classname="tests.test_smoke_training" name="test_every_method_completes_one_step[m7]" time="0.096" /><testcase classname="tests.test_smoke_training" name="test_every_method_completes_one_step[vw]" time="0.093" /><testcase classname="tests.test_smoke_training" name="test_every_method_completes_one_step[vwca]" time="0.096" /><testcase classname="tests.test_smoke_training" name="test_every_method_completes_one_step[vrba]" time="0.095" /><testcase classname="tests.test_smoke_training" name="test_vrba_training_is_reproducible_for_same_seed" time="0.221" /><testcase classname="tests.test_vrba_ablation" name="test_switches[True-True]" time="0.106" /><testcase classname="tests.test_vrba_ablation" name="test_switches[True-False]" time="0.102" /><testcase classname="tests.test_vrba_ablation" name="test_switches[False-True]" time="0.105" /><testcase classname="tests.test_vrba_ablation" name="test_switches[False-False]" time="0.101" /><testcase classname="tests.test_vrba_ablation" name="test_neither_matches_m0[pilot_quick.yaml]" time="0.200" /><testcase classname="tests.test_vrba_ablation" name="test_neither_matches_m0[allen_cahn_screen.yaml]" time="0.065" /><testcase classname="tests.test_vrba_ablation" name="test_neither_matches_m0[helmholtz_calibrated.yaml]" time="0.148" /><testcase classname="tests.test_vrba_ablation" name="test_neither_matches_m0[wave_screen.yaml]" time="0.080" /><testcase classname="tests.test_vrba_ablation" name="test_reject_string_boolean" time="0.004" /><testcase classname="tests.test_vrba_campaign" name="test_manifest_complete_and_paired" time="0.689" /><testcase classname="tests.test_vrba_campaign" name="test_atomic_result_replacement" time="0.001" /><testcase classname="tests.test_vrba_statistics" name="test_exact_sign_test_small_samples" time="0.001" /><testcase classname="tests.test_vrba_statistics" name="test_holm_known_example" time="0.001" /><testcase classname="tests.test_vrba_statistics" name="test_degenerate_paired_effect_and_reproducibility" time="0.008" /></testsuite></testsuites>